  knight2.cpp
C:\Users\THIEN BACH\Desktop\BTL 2\Github\BTLBKU\BTLBKU\knight2.h(29,13): error C2143: syntax error: missing ';' before '*'
C:\Users\THIEN BACH\Desktop\BTL 2\Github\BTLBKU\BTLBKU\knight2.h(29,13): error C4430: missing type specifier - int assumed. Note: C++ does not support default-int
C:\Users\THIEN BACH\Desktop\BTL 2\Github\BTLBKU\BTLBKU\knight2.h(29,19): error C2238: unexpected token(s) preceding ';'
C:\Users\THIEN BACH\Desktop\BTL 2\Github\BTLBKU\BTLBKU\knight2.h(32,18): error C2065: 'BaseItem': undeclared identifier
C:\Users\THIEN BACH\Desktop\BTL 2\Github\BTLBKU\BTLBKU\knight2.h(32,28): error C2065: 'item': undeclared identifier
C:\Users\THIEN BACH\Desktop\BTL 2\Github\BTLBKU\BTLBKU\knight2.h(33,1): error C2143: syntax error: missing ';' before '{'
C:\Users\THIEN BACH\Desktop\BTL 2\Github\BTLBKU\BTLBKU\knight2.h(35,5): error C2059: syntax error: 'if'
C:\Users\THIEN BACH\Desktop\BTL 2\Github\BTLBKU\BTLBKU\knight2.h(37,6): error C3927: '->': trailing return type is not allowed after a non-function declarator
C:\Users\THIEN BACH\Desktop\BTL 2\Github\BTLBKU\BTLBKU\knight2.h(37,8): error C3613: missing return type after '->' ('int' assumed)
C:\Users\THIEN BACH\Desktop\BTL 2\Github\BTLBKU\BTLBKU\knight2.h(37,13): error C4430: missing type specifier - int assumed. Note: C++ does not support default-int
C:\Users\THIEN BACH\Desktop\BTL 2\Github\BTLBKU\BTLBKU\knight2.h(37,5): error C2040: 'p': 'int' differs in levels of indirection from 'Node *'
C:\Users\THIEN BACH\Desktop\BTL 2\Github\BTLBKU\BTLBKU\knight2.h(37,8): error C2146: syntax error: missing ';' before identifier 'item'
C:\Users\THIEN BACH\Desktop\BTL 2\Github\BTLBKU\BTLBKU\knight2.h(38,6): error C3927: '->': trailing return type is not allowed after a non-function declarator
C:\Users\THIEN BACH\Desktop\BTL 2\Github\BTLBKU\BTLBKU\knight2.h(38,8): error C3613: missing return type after '->' ('int' assumed)
C:\Users\THIEN BACH\Desktop\BTL 2\Github\BTLBKU\BTLBKU\knight2.h(38,14): error C4430: missing type specifier - int assumed. Note: C++ does not support default-int
C:\Users\THIEN BACH\Desktop\BTL 2\Github\BTLBKU\BTLBKU\knight2.h(38,5): error C2040: 'p': 'int' differs in levels of indirection from 'Node *'
C:\Users\THIEN BACH\Desktop\BTL 2\Github\BTLBKU\BTLBKU\knight2.h(38,8): error C2146: syntax error: missing ';' before identifier 'pNext'
C:\Users\THIEN BACH\Desktop\BTL 2\Github\BTLBKU\BTLBKU\knight2.h(39,5): error C2059: syntax error: 'return'
C:\Users\THIEN BACH\Desktop\BTL 2\Github\BTLBKU\BTLBKU\knight2.h(40,1): error C2059: syntax error: '}'
C:\Users\THIEN BACH\Desktop\BTL 2\Github\BTLBKU\BTLBKU\knight2.h(40,1): error C2143: syntax error: missing ';' before '}'
C:\Users\THIEN BACH\Desktop\BTL 2\Github\BTLBKU\BTLBKU\knight2.h(42,1): error C2143: syntax error: missing ';' before '{'
C:\Users\THIEN BACH\Desktop\BTL 2\Github\BTLBKU\BTLBKU\knight2.h(42,1): error C2447: '{': missing function header (old-style formal list?)
C:\Users\THIEN BACH\Desktop\BTL 2\Github\BTLBKU\BTLBKU\knight2.h(195,13): error C2143: syntax error: missing ';' before '*'
C:\Users\THIEN BACH\Desktop\BTL 2\Github\BTLBKU\BTLBKU\knight2.h(195,13): error C4430: missing type specifier - int assumed. Note: C++ does not support default-int
C:\Users\THIEN BACH\Desktop\BTL 2\Github\BTLBKU\BTLBKU\knight2.h(195,17): error C2238: unexpected token(s) preceding ';'
C:\Users\THIEN BACH\Desktop\BTL 2\Github\BTLBKU\BTLBKU\knight2.h(275,20): error C2061: syntax error: identifier 'Events'
C:\Users\THIEN BACH\Desktop\BTL 2\Github\BTLBKU\BTLBKU\knight2.cpp(4,1): error C2504: 'BaseBag': base class undefined
C:\Users\THIEN BACH\Desktop\BTL 2\Github\BTLBKU\BTLBKU\knight2.cpp(7,9): error C2065: 'maxSize': undeclared identifier
C:\Users\THIEN BACH\Desktop\BTL 2\Github\BTLBKU\BTLBKU\knight2.cpp(8,9): error C2653: 'BaseBag': is not a class or namespace name
C:\Users\THIEN BACH\Desktop\BTL 2\Github\BTLBKU\BTLBKU\knight2.cpp(8,18): error C3861: 'createBag': identifier not found
C:\Users\THIEN BACH\Desktop\BTL 2\Github\BTLBKU\BTLBKU\knight2.cpp(13,13): error C2653: 'BaseBag': is not a class or namespace name
C:\Users\THIEN BACH\Desktop\BTL 2\Github\BTLBKU\BTLBKU\knight2.cpp(13,22): error C3861: 'countItem': identifier not found
C:\Users\THIEN BACH\Desktop\BTL 2\Github\BTLBKU\BTLBKU\knight2.cpp(13,37): error C2065: 'maxSize': undeclared identifier
C:\Users\THIEN BACH\Desktop\BTL 2\Github\BTLBKU\BTLBKU\knight2.cpp(15,19): error C2064: term does not evaluate to a function taking 1 arguments
C:\Users\THIEN BACH\Desktop\BTL 2\Github\BTLBKU\BTLBKU\knight2.cpp(18,20): error C2065: 'bag': undeclared identifier
C:\Users\THIEN BACH\Desktop\BTL 2\Github\BTLBKU\BTLBKU\knight2.cpp(19,9): error C2065: 'bag': undeclared identifier
C:\Users\THIEN BACH\Desktop\BTL 2\Github\BTLBKU\BTLBKU\knight2.cpp(24,1): error C2504: 'BaseBag': base class undefined
C:\Users\THIEN BACH\Desktop\BTL 2\Github\BTLBKU\BTLBKU\knight2.cpp(27,9): error C2065: 'maxSize': undeclared identifier
C:\Users\THIEN BACH\Desktop\BTL 2\Github\BTLBKU\BTLBKU\knight2.cpp(28,9): error C2653: 'BaseBag': is not a class or namespace name
C:\Users\THIEN BACH\Desktop\BTL 2\Github\BTLBKU\BTLBKU\knight2.cpp(28,18): error C3861: 'createBag': identifier not found
C:\Users\THIEN BACH\Desktop\BTL 2\Github\BTLBKU\BTLBKU\knight2.cpp(32,1): error C2504: 'BaseBag': base class undefined
C:\Users\THIEN BACH\Desktop\BTL 2\Github\BTLBKU\BTLBKU\knight2.cpp(34,9): error C2065: 'maxSize': undeclared identifier
C:\Users\THIEN BACH\Desktop\BTL 2\Github\BTLBKU\BTLBKU\knight2.cpp(35,9): error C2653: 'BaseBag': is not a class or namespace name
C:\Users\THIEN BACH\Desktop\BTL 2\Github\BTLBKU\BTLBKU\knight2.cpp(35,18): error C3861: 'createBag': identifier not found
C:\Users\THIEN BACH\Desktop\BTL 2\Github\BTLBKU\BTLBKU\knight2.cpp(40,1): error C2504: 'BaseBag': base class undefined
C:\Users\THIEN BACH\Desktop\BTL 2\Github\BTLBKU\BTLBKU\knight2.cpp(42,9): error C2065: 'maxSize': undeclared identifier
C:\Users\THIEN BACH\Desktop\BTL 2\Github\BTLBKU\BTLBKU\knight2.cpp(43,9): error C2653: 'BaseBag': is not a class or namespace name
C:\Users\THIEN BACH\Desktop\BTL 2\Github\BTLBKU\BTLBKU\knight2.cpp(43,18): error C3861: 'createBag': identifier not found
C:\Users\THIEN BACH\Desktop\BTL 2\Github\BTLBKU\BTLBKU\knight2.cpp(55,162): error C2065: 'bag': undeclared identifier
C:\Users\THIEN BACH\Desktop\BTL 2\Github\BTLBKU\BTLBKU\knight2.cpp(63,20): error C2061: syntax error: identifier 'PaladinKnight'
C:\Users\THIEN BACH\Desktop\BTL 2\Github\BTLBKU\BTLBKU\knight2.cpp(67,20): error C2061: syntax error: identifier 'LancelotKnight'
C:\Users\THIEN BACH\Desktop\BTL 2\Github\BTLBKU\BTLBKU\knight2.cpp(71,20): error C2061: syntax error: identifier 'DragonKnight'
C:\Users\THIEN BACH\Desktop\BTL 2\Github\BTLBKU\BTLBKU\knight2.cpp(75,20): error C2061: syntax error: identifier 'NormalKnight'
  main.cpp
C:\Users\THIEN BACH\Desktop\BTL 2\Github\BTLBKU\BTLBKU\knight2.h(29,13): error C2143: syntax error: missing ';' before '*'
C:\Users\THIEN BACH\Desktop\BTL 2\Github\BTLBKU\BTLBKU\knight2.h(29,13): error C4430: missing type specifier - int assumed. Note: C++ does not support default-int
C:\Users\THIEN BACH\Desktop\BTL 2\Github\BTLBKU\BTLBKU\knight2.h(29,19): error C2238: unexpected token(s) preceding ';'
C:\Users\THIEN BACH\Desktop\BTL 2\Github\BTLBKU\BTLBKU\knight2.h(32,18): error C2065: 'BaseItem': undeclared identifier
C:\Users\THIEN BACH\Desktop\BTL 2\Github\BTLBKU\BTLBKU\knight2.h(32,28): error C2065: 'item': undeclared identifier
C:\Users\THIEN BACH\Desktop\BTL 2\Github\BTLBKU\BTLBKU\knight2.h(33,1): error C2143: syntax error: missing ';' before '{'
C:\Users\THIEN BACH\Desktop\BTL 2\Github\BTLBKU\BTLBKU\knight2.h(35,5): error C2059: syntax error: 'if'
C:\Users\THIEN BACH\Desktop\BTL 2\Github\BTLBKU\BTLBKU\knight2.h(37,6): error C3927: '->': trailing return type is not allowed after a non-function declarator
C:\Users\THIEN BACH\Desktop\BTL 2\Github\BTLBKU\BTLBKU\knight2.h(37,8): error C3613: missing return type after '->' ('int' assumed)
C:\Users\THIEN BACH\Desktop\BTL 2\Github\BTLBKU\BTLBKU\knight2.h(37,13): error C4430: missing type specifier - int assumed. Note: C++ does not support default-int
C:\Users\THIEN BACH\Desktop\BTL 2\Github\BTLBKU\BTLBKU\knight2.h(37,5): error C2040: 'p': 'int' differs in levels of indirection from 'Node *'
C:\Users\THIEN BACH\Desktop\BTL 2\Github\BTLBKU\BTLBKU\knight2.h(37,8): error C2146: syntax error: missing ';' before identifier 'item'
C:\Users\THIEN BACH\Desktop\BTL 2\Github\BTLBKU\BTLBKU\knight2.h(38,6): error C3927: '->': trailing return type is not allowed after a non-function declarator
C:\Users\THIEN BACH\Desktop\BTL 2\Github\BTLBKU\BTLBKU\knight2.h(38,8): error C3613: missing return type after '->' ('int' assumed)
C:\Users\THIEN BACH\Desktop\BTL 2\Github\BTLBKU\BTLBKU\knight2.h(38,14): error C4430: missing type specifier - int assumed. Note: C++ does not support default-int
C:\Users\THIEN BACH\Desktop\BTL 2\Github\BTLBKU\BTLBKU\knight2.h(38,5): error C2040: 'p': 'int' differs in levels of indirection from 'Node *'
C:\Users\THIEN BACH\Desktop\BTL 2\Github\BTLBKU\BTLBKU\knight2.h(38,8): error C2146: syntax error: missing ';' before identifier 'pNext'
C:\Users\THIEN BACH\Desktop\BTL 2\Github\BTLBKU\BTLBKU\knight2.h(39,5): error C2059: syntax error: 'return'
C:\Users\THIEN BACH\Desktop\BTL 2\Github\BTLBKU\BTLBKU\knight2.h(40,1): error C2059: syntax error: '}'
C:\Users\THIEN BACH\Desktop\BTL 2\Github\BTLBKU\BTLBKU\knight2.h(40,1): error C2143: syntax error: missing ';' before '}'
C:\Users\THIEN BACH\Desktop\BTL 2\Github\BTLBKU\BTLBKU\knight2.h(42,1): error C2143: syntax error: missing ';' before '{'
C:\Users\THIEN BACH\Desktop\BTL 2\Github\BTLBKU\BTLBKU\knight2.h(42,1): error C2447: '{': missing function header (old-style formal list?)
C:\Users\THIEN BACH\Desktop\BTL 2\Github\BTLBKU\BTLBKU\knight2.h(195,13): error C2143: syntax error: missing ';' before '*'
C:\Users\THIEN BACH\Desktop\BTL 2\Github\BTLBKU\BTLBKU\knight2.h(195,13): error C4430: missing type specifier - int assumed. Note: C++ does not support default-int
C:\Users\THIEN BACH\Desktop\BTL 2\Github\BTLBKU\BTLBKU\knight2.h(195,17): error C2238: unexpected token(s) preceding ';'
C:\Users\THIEN BACH\Desktop\BTL 2\Github\BTLBKU\BTLBKU\knight2.h(275,20): error C2061: syntax error: identifier 'Events'
  Generating Code...
